This file contains any messages produced by compilers while
running configure, to aid debugging if configure makes a mistake.

It was created by wimlib configure 1.14.4-9-g553d4a33, which was
generated by GNU Autoconf 2.72.  Invocation command line was

  $ ./configure --prefix=/data/data/com.termux/files/usr

## --------- ##
## Platform. ##
## --------- ##

hostname = localhost
uname -m = aarch64
uname -r = 6.1.118-android14-11-g408e3659be33-mi
uname -s = Linux
uname -v = #1 SMP PREEMPT Thu Jul  3 11:06:01 UTC 2025

/usr/bin/uname -p = unknown
/bin/uname -X     = unknown

/bin/arch              = unknown
/usr/bin/arch -k       = unknown
/usr/convex/getsysinfo = unknown
/usr/bin/hostinfo      = unknown
/bin/machine           = unknown
/usr/bin/oslevel       = unknown
/bin/universe          = unknown

PATH: /data/data/com.termux/files/home/.zinit/polaris/bin/
PATH: /data/data/com.termux/files/home/.local/bin/
PATH: /data/data/com.termux/files/usr/bin/


## ----------- ##
## Core tests. ##
## ----------- ##

configure:2582: looking for aux files: config.guess config.sub ltmain.sh ar-lib compile missing install-sh
configure:2595:  trying ./build-aux/
configure:2624:   ./build-aux/config.guess found
configure:2624:   ./build-aux/config.sub found
configure:2624:   ./build-aux/ltmain.sh found
configure:2624:   ./build-aux/ar-lib found
configure:2624:   ./build-aux/compile found
configure:2624:   ./build-aux/missing found
configure:2606:   ./build-aux/install-sh found
configure:2757: checking for a BSD-compatible install
configure:2831: result: /data/data/com.termux/files/usr/bin/install -c
configure:2842: checking whether sleep supports fractional seconds
configure:2858: result: yes
configure:2861: checking filesystem timestamp resolution
configure:2996: result: 0.01
configure:3001: checking whether build environment is sane
configure:3046: result: yes
configure:3217: checking for a race-free mkdir -p
configure:3260: result: /data/data/com.termux/files/usr/bin/mkdir -p
configure:3267: checking for gawk
configure:3288: found /data/data/com.termux/files/usr/bin/gawk
configure:3300: result: gawk
configure:3311: checking whether make sets $(MAKE)
configure:3335: result: yes
configure:3361: checking whether make supports nested variables
configure:3380: result: yes
configure:3394: checking xargs -n works
configure:3410: result: yes
configure:3495: checking whether UID '10315' is supported by ustar format
configure:3501: result: yes
configure:3508: checking whether GID '10315' is supported by ustar format
configure:3514: result: yes
configure:3522: checking how to create a ustar tar archive
configure:3533: tar --version
tar (GNU tar) 1.35
Copyright (C) 2023 Free Software Foundation, Inc.
License GPLv3+: GNU GPL version 3 or later <https://gnu.org/licenses/gpl.html>.
This is free software: you are free to change and redistribute it.
There is NO WARRANTY, to the extent permitted by law.

Written by John Gilmore and Jay Fenlason.
configure:3536: $? = 0
configure:3576: tardir=conftest.dir && eval tar --format=ustar -chf - "$tardir" >conftest.tar
configure:3579: $? = 0
configure:3583: tar -xf - <conftest.tar
configure:3586: $? = 0
configure:3588: cat conftest.dir/file
GrepMe
configure:3591: $? = 0
configure:3606: result: gnutar
configure:3649: checking whether make supports the include directive
configure:3664: make -f confmf.GNU && cat confinc.out
this is the am__doit target
configure:3667: $? = 0
configure:3686: result: yes (GNU style)
configure:3763: checking for gcc
configure:3784: found /data/data/com.termux/files/usr/bin/gcc
configure:3796: result: gcc
configure:4155: checking for C compiler version
configure:4164: gcc --version >&5
clang version 21.1.3
Target: aarch64-unknown-linux-android24
Thread model: posix
InstalledDir: /data/data/com.termux/files/usr/bin
configure:4175: $? = 0
configure:4164: gcc -v >&5
clang version 21.1.3
Target: aarch64-unknown-linux-android24
Thread model: posix
InstalledDir: /data/data/com.termux/files/usr/bin
configure:4175: $? = 0
configure:4164: gcc -V >&5
gcc: error: argument to '-V' is missing (expected 1 value)
gcc: error: no input files
configure:4175: $? = 1
configure:4164: gcc -qversion >&5
gcc: error: unknown argument '-qversion'; did you mean '--version'?
gcc: error: no input files
configure:4175: $? = 1
configure:4164: gcc -version >&5
gcc: error: unknown argument '-version'; did you mean '--version'?
gcc: error: no input files
configure:4175: $? = 1
configure:4195: checking whether the C compiler works
configure:4217: gcc   -Wl,--no-as-needed conftest.c -lrt >&5
configure:4221: $? = 0
configure:4272: result: yes
configure:4276: checking for C compiler default output file name
configure:4278: result: a.out
configure:4284: checking for suffix of executables
configure:4291: gcc -o conftest   -Wl,--no-as-needed conftest.c -lrt >&5
configure:4295: $? = 0
configure:4319: result: 
configure:4343: checking whether we are cross compiling
configure:4351: gcc -o conftest   -Wl,--no-as-needed conftest.c -lrt >&5
configure:4355: $? = 0
configure:4362: ./conftest
configure:4366: $? = 0
configure:4381: result: no
configure:4387: checking for suffix of object files
configure:4410: gcc -c   conftest.c >&5
configure:4414: $? = 0
configure:4438: result: o
configure:4442: checking whether the compiler supports GNU C
configure:4462: gcc -c   conftest.c >&5
configure:4462: $? = 0
configure:4474: result: yes
configure:4485: checking whether gcc accepts -g
configure:4506: gcc -c -g  conftest.c >&5
configure:4506: $? = 0
configure:4553: result: yes
configure:4573: checking for gcc option to enable C11 features
configure:4588: gcc  -c -g -O2  conftest.c >&5
configure:4588: $? = 0
configure:4607: result: none needed
configure:4731: checking whether gcc understands -c and -o together
configure:4754: gcc -c conftest.c -o conftest2.o
configure:4757: $? = 0
configure:4754: gcc -c conftest.c -o conftest2.o
configure:4757: $? = 0
configure:4773: result: yes
configure:4792: checking dependency style of gcc
configure:4905: result: gcc3
configure:4925: checking for stdio.h
configure:4925: gcc -c -g -O2  conftest.c >&5
configure:4925: $? = 0
configure:4925: result: yes
configure:4925: checking for stdlib.h
configure:4925: gcc -c -g -O2  conftest.c >&5
configure:4925: $? = 0
configure:4925: result: yes
configure:4925: checking for string.h
configure:4925: gcc -c -g -O2  conftest.c >&5
configure:4925: $? = 0
configure:4925: result: yes
configure:4925: checking for inttypes.h
configure:4925: gcc -c -g -O2  conftest.c >&5
configure:4925: $? = 0
configure:4925: result: yes
configure:4925: checking for stdint.h
configure:4925: gcc -c -g -O2  conftest.c >&5
configure:4925: $? = 0
configure:4925: result: yes
configure:4925: checking for strings.h
configure:4925: gcc -c -g -O2  conftest.c >&5
configure:4925: $? = 0
configure:4925: result: yes
configure:4925: checking for sys/stat.h
configure:4925: gcc -c -g -O2  conftest.c >&5
configure:4925: $? = 0
configure:4925: result: yes
configure:4925: checking for sys/types.h
configure:4925: gcc -c -g -O2  conftest.c >&5
configure:4925: $? = 0
configure:4925: result: yes
configure:4925: checking for unistd.h
configure:4925: gcc -c -g -O2  conftest.c >&5
configure:4925: $? = 0
configure:4925: result: yes
configure:4950: checking whether byte ordering is bigendian
configure:4966: gcc -c -g -O2  conftest.c >&5
conftest.c:22:9: error: unknown type name 'not'
   22 |                not a universal capable compiler
      |                ^
conftest.c:22:14: error: expected ';' after top level declarator
   22 |                not a universal capable compiler
      |                     ^
      |                     ;
2 errors generated.
configure:4966: $? = 1
configure: failed program was:
| /* confdefs.h */
| #define PACKAGE_NAME "wimlib"
| #define PACKAGE_TARNAME "wimlib"
| #define PACKAGE_VERSION "1.14.4-9-g553d4a33"
| #define PACKAGE_STRING "wimlib 1.14.4-9-g553d4a33"
| #define PACKAGE_BUGREPORT "https://wimlib.net/forums/"
| #define PACKAGE_URL ""
| #define PACKAGE "wimlib"
| #define VERSION "1.14.4-9-g553d4a33"
| #define HAVE_STDIO_H 1
| #define HAVE_STDLIB_H 1
| #define HAVE_STRING_H 1
| #define HAVE_INTTYPES_H 1
| #define HAVE_STDINT_H 1
| #define HAVE_STRINGS_H 1
| #define HAVE_SYS_STAT_H 1
| #define HAVE_SYS_TYPES_H 1
| #define HAVE_UNISTD_H 1
| #define STDC_HEADERS 1
| /* end confdefs.h.  */
| #ifndef __APPLE_CC__
| 	       not a universal capable compiler
| 	     #endif
| 	     typedef int dummy;
| 
configure:5012: gcc -c -g -O2  conftest.c >&5
configure:5012: $? = 0
configure:5031: gcc -c -g -O2  conftest.c >&5
conftest.c:28:4: error: use of undeclared identifier 'not'
   28 |                  not big endian
      |                  ^~~
1 error generated.
configure:5031: $? = 1
configure: failed program was:
| /* confdefs.h */
| #define PACKAGE_NAME "wimlib"
| #define PACKAGE_TARNAME "wimlib"
| #define PACKAGE_VERSION "1.14.4-9-g553d4a33"
| #define PACKAGE_STRING "wimlib 1.14.4-9-g553d4a33"
| #define PACKAGE_BUGREPORT "https://wimlib.net/forums/"
| #define PACKAGE_URL ""
| #define PACKAGE "wimlib"
| #define VERSION "1.14.4-9-g553d4a33"
| #define HAVE_STDIO_H 1
| #define HAVE_STDLIB_H 1
| #define HAVE_STRING_H 1
| #define HAVE_INTTYPES_H 1
| #define HAVE_STDINT_H 1
| #define HAVE_STRINGS_H 1
| #define HAVE_SYS_STAT_H 1
| #define HAVE_SYS_TYPES_H 1
| #define HAVE_UNISTD_H 1
| #define STDC_HEADERS 1
| /* end confdefs.h.  */
| #include <sys/types.h>
| 		#include <sys/param.h>
| 
| int
| main (void)
| {
| #if BYTE_ORDER != BIG_ENDIAN
| 		 not big endian
| 		#endif
| 
|   ;
|   return 0;
| }
configure:5172: result: no
configure:5246: checking for ar
configure:5267: found /data/data/com.termux/files/usr/bin/ar
configure:5279: result: ar
configure:5306: checking the archiver (ar) interface
configure:5323: gcc -c -g -O2  conftest.c >&5
configure:5323: $? = 0
configure:5326: ar cr libconftest.a conftest.o >&5
configure:5329: $? = 0
configure:5358: result: ar
configure:5410: checking build system type
configure:5426: result: aarch64-unknown-linux-android
configure:5446: checking host system type
configure:5461: result: aarch64-unknown-linux-android
configure:5502: checking how to print strings
configure:5529: result: printf
configure:5550: checking for a sed that does not truncate output
configure:5622: result: /data/data/com.termux/files/usr/bin/sed
configure:5640: checking for grep that handles long lines and -e
configure:5706: result: /data/data/com.termux/files/usr/bin/grep
configure:5711: checking for egrep
configure:5781: result: /data/data/com.termux/files/usr/bin/grep -E
configure:5788: checking for fgrep
configure:5858: result: /data/data/com.termux/files/usr/bin/grep -F
configure:5895: checking for ld used by gcc
configure:5964: result: /data/data/com.termux/files/usr/bin/ld
configure:5971: checking if the linker (/data/data/com.termux/files/usr/bin/ld) is GNU ld
configure:5988: result: yes
configure:6000: checking for BSD- or MS-compatible name lister (nm)
configure:6056: result: /data/data/com.termux/files/usr/bin/nm -B
configure:6198: checking the name lister (/data/data/com.termux/files/usr/bin/nm -B) interface
configure:6206: gcc -c -g -O2  conftest.c >&5
configure:6209: /data/data/com.termux/files/usr/bin/nm -B "conftest.o"
configure:6212: output
0000000000000000 B some_variable
configure:6220: result: BSD nm
configure:6223: checking whether ln -s works
configure:6227: result: yes
configure:6235: checking the maximum length of command line arguments
configure:6368: result: 32768
configure:6416: checking how to convert aarch64-unknown-linux-android file names to aarch64-unknown-linux-android format
configure:6458: result: func_convert_file_noop
configure:6465: checking how to convert aarch64-unknown-linux-android file names to toolchain format
configure:6487: result: func_convert_file_noop
configure:6494: checking for /data/data/com.termux/files/usr/bin/ld option to reload object files
configure:6503: result: -r
configure:6536: checking for file
configure:6557: found /data/data/com.termux/files/usr/bin/file
configure:6570: result: file
configure:6633: checking for objdump
configure:6654: found /data/data/com.termux/files/usr/bin/objdump
configure:6666: result: objdump
configure:6698: checking how to recognize dependent libraries
configure:6907: result: pass_all
configure:6998: checking for dlltool
configure:7034: result: no
configure:7064: checking how to associate runtime and link libraries
configure:7093: result: printf %s\n
configure:7153: checking for ranlib
configure:7174: found /data/data/com.termux/files/usr/bin/ranlib
configure:7186: result: ranlib
configure:7349: checking for archiver @FILE support
configure:7367: gcc -c -g -O2  conftest.c >&5
configure:7367: $? = 0
configure:7371: ar cr libconftest.a @conftest.lst >&5
configure:7374: $? = 0
configure:7379: ar cr libconftest.a @conftest.lst >&5
ar: error: conftest.o: No such file or directory
configure:7382: $? = 1
configure:7395: result: @
configure:7459: checking for strip
configure:7480: found /data/data/com.termux/files/usr/bin/strip
configure:7492: result: strip
configure:7595: checking command to parse /data/data/com.termux/files/usr/bin/nm -B output from gcc object
configure:7749: gcc -c -g -O2  conftest.c >&5
configure:7752: $? = 0
configure:7756: /data/data/com.termux/files/usr/bin/nm -B conftest.o | /data/data/com.termux/files/usr/bin/sed -n -e 's/^.*[	 ]\([ABCDGIRSTW][ABCDGIRSTW]*\)[	 ][	 ]*\([_A-Za-z][_A-Za-z0-9]*\)$/\1 \2 \2/p' | /data/data/com.termux/files/usr/bin/sed '/ __gnu_lto/d' > conftest.nm
configure:7822: gcc -o conftest -g -O2  -Wl,--no-as-needed conftest.c conftstm.o >&5
configure:7825: $? = 0
configure:7864: result: ok
configure:7911: checking for sysroot
configure:7945: result: no
configure:7952: checking for a working dd
configure:7997: result: /data/data/com.termux/files/usr/bin/dd
configure:8001: checking how to truncate binary pipes
configure:8018: result: /data/data/com.termux/files/usr/bin/dd bs=4096 count=1
configure:8358: checking for mt
configure:8394: result: no
configure:8414: checking if : is a manifest tool
configure:8421: : '-?'
configure:8430: result: no
configure:9223: checking for dlfcn.h
configure:9223: gcc -c -g -O2  conftest.c >&5
configure:9223: $? = 0
configure:9223: result: yes
configure:9526: checking for objdir
configure:9543: result: .libs
configure:9809: checking if gcc supports -fno-rtti -fno-exceptions
configure:9828: gcc -c -g -O2  -fno-rtti -fno-exceptions conftest.c >&5
configure:9832: $? = 0
configure:9846: result: yes
configure:10219: checking for gcc option to produce PIC
configure:10228: result: -fPIC -DPIC
configure:10236: checking if gcc PIC flag -fPIC -DPIC works
configure:10255: gcc -c -g -O2  -fPIC -DPIC -DPIC conftest.c >&5
configure:10259: $? = 0
configure:10273: result: yes
configure:10302: checking if gcc static flag -static works
configure:10332: result: no
configure:10347: checking if gcc supports -c -o file.o
configure:10369: gcc -c -g -O2  -o out/conftest2.o conftest.c >&5
configure:10373: $? = 0
configure:10396: result: yes
configure:10404: checking if gcc supports -c -o file.o
configure:10453: result: yes
configure:10486: checking whether the gcc linker (/data/data/com.termux/files/usr/bin/ld) supports shared libraries
configure:11770: result: yes
configure:11807: checking whether -lc should be explicitly linked in
configure:11816: gcc -c -g -O2  conftest.c >&5
configure:11819: $? = 0
configure:11834: gcc -shared  -fPIC -DPIC conftest.o  -v -Wl,-soname -Wl,conftest -o conftest 2\>\&1 \| /data/data/com.termux/files/usr/bin/grep  -lc  \>/dev/null 2\>\&1
configure:11837: $? = 0
configure:11852: result: no
configure:12012: checking dynamic linker characteristics
configure:13396: result: Android linker
configure:13518: checking how to hardcode library paths into programs
configure:13543: result: immediate
configure:14143: checking whether stripping libraries is possible
configure:14152: result: yes
configure:14194: checking if libtool supports shared libraries
configure:14196: result: yes
configure:14199: checking whether to build shared libraries
configure:14224: result: yes
configure:14227: checking whether to build static libraries
configure:14231: result: yes
configure:14328: checking for pkg-config
configure:14351: found /data/data/com.termux/files/usr/bin/pkg-config
configure:14364: result: /data/data/com.termux/files/usr/bin/pkg-config
configure:14389: checking pkg-config is at least version 0.9.0
configure:14392: result: yes
configure:14469: checking for gcc
configure:14502: result: gcc
configure:14861: checking for C compiler version
configure:14870: gcc --version >&5
clang version 21.1.3
Target: aarch64-unknown-linux-android24
Thread model: posix
InstalledDir: /data/data/com.termux/files/usr/bin
configure:14881: $? = 0
configure:14870: gcc -v >&5
clang version 21.1.3
Target: aarch64-unknown-linux-android24
Thread model: posix
InstalledDir: /data/data/com.termux/files/usr/bin
configure:14881: $? = 0
configure:14870: gcc -V >&5
gcc: error: argument to '-V' is missing (expected 1 value)
gcc: error: no input files
configure:14881: $? = 1
configure:14870: gcc -qversion >&5
gcc: error: unknown argument '-qversion'; did you mean '--version'?
gcc: error: no input files
configure:14881: $? = 1
configure:14870: gcc -version >&5
gcc: error: unknown argument '-version'; did you mean '--version'?
gcc: error: no input files
configure:14881: $? = 1
configure:14885: checking whether the compiler supports GNU C
configure:14917: result: yes
configure:14928: checking whether gcc accepts -g
configure:14996: result: yes
configure:15016: checking for gcc option to enable C11 features
configure:15050: result: none needed
configure:15174: checking whether gcc understands -c and -o together
configure:15216: result: yes
configure:15235: checking dependency style of gcc
configure:15348: result: gcc3
configure:15410: checking for futimens
configure:15410: gcc -o conftest -g -O2  -Wl,--no-as-needed conftest.c -lrt >&5
configure:15410: $? = 0
configure:15410: result: yes
configure:15416: checking for utimensat
configure:15416: gcc -o conftest -g -O2  -Wl,--no-as-needed conftest.c -lrt >&5
configure:15416: $? = 0
configure:15416: result: yes
configure:15422: checking for flock
configure:15422: gcc -o conftest -g -O2  -Wl,--no-as-needed conftest.c -lrt >&5
configure:15422: $? = 0
configure:15422: result: yes
configure:15428: checking for mempcpy
configure:15428: gcc -o conftest -g -O2  -Wl,--no-as-needed conftest.c -lrt >&5
conftest.c:42:6: warning: incompatible redeclaration of library function 'mempcpy' [-Wincompatible-library-redeclaration]
   42 | char mempcpy (void);
      |      ^
conftest.c:42:6: note: 'mempcpy' is a builtin with type 'void *(void *, const void *, unsigned long)'
1 warning generated.
configure:15428: $? = 0
configure:15428: result: yes
configure:15434: checking for openat
configure:15434: gcc -o conftest -g -O2  -Wl,--no-as-needed conftest.c -lrt >&5
configure:15434: $? = 0
configure:15434: result: yes
configure:15440: checking for fstatat
configure:15440: gcc -o conftest -g -O2  -Wl,--no-as-needed conftest.c -lrt >&5
configure:15440: $? = 0
configure:15440: result: yes
configure:15446: checking for readlinkat
configure:15446: gcc -o conftest -g -O2  -Wl,--no-as-needed conftest.c -lrt >&5
configure:15446: $? = 0
configure:15446: result: yes
configure:15452: checking for fdopendir
configure:15452: gcc -o conftest -g -O2  -Wl,--no-as-needed conftest.c -lrt >&5
configure:15452: $? = 0
configure:15452: result: yes
configure:15458: checking for posix_fallocate
configure:15458: gcc -o conftest -g -O2  -Wl,--no-as-needed conftest.c -lrt >&5
configure:15458: $? = 0
configure:15458: result: yes
configure:15464: checking for llistxattr
configure:15464: gcc -o conftest -g -O2  -Wl,--no-as-needed conftest.c -lrt >&5
configure:15464: $? = 0
configure:15464: result: yes
configure:15470: checking for lgetxattr
configure:15470: gcc -o conftest -g -O2  -Wl,--no-as-needed conftest.c -lrt >&5
configure:15470: $? = 0
configure:15470: result: yes
configure:15476: checking for fsetxattr
configure:15476: gcc -o conftest -g -O2  -Wl,--no-as-needed conftest.c -lrt >&5
configure:15476: $? = 0
configure:15476: result: yes
configure:15482: checking for lsetxattr
configure:15482: gcc -o conftest -g -O2  -Wl,--no-as-needed conftest.c -lrt >&5
configure:15482: $? = 0
configure:15482: result: yes
configure:15488: checking for getopt_long_only
configure:15488: gcc -o conftest -g -O2  -Wl,--no-as-needed conftest.c -lrt >&5
configure:15488: $? = 0
configure:15488: result: yes
configure:15498: checking for alloca.h
configure:15498: gcc -c -g -O2  conftest.c >&5
configure:15498: $? = 0
configure:15498: result: yes
configure:15504: checking for byteswap.h
configure:15504: gcc -c -g -O2  conftest.c >&5
configure:15504: $? = 0
configure:15504: result: yes
configure:15510: checking for endian.h
configure:15510: gcc -c -g -O2  conftest.c >&5
configure:15510: $? = 0
configure:15510: result: yes
configure:15516: checking for errno.h
configure:15516: gcc -c -g -O2  conftest.c >&5
configure:15516: $? = 0
configure:15516: result: yes
configure:15522: checking for glob.h
configure:15522: gcc -c -g -O2  conftest.c >&5
configure:15522: $? = 0
configure:15522: result: yes
configure:15528: checking for machine/endian.h
configure:15528: gcc -c -g -O2  conftest.c >&5
conftest.c:70:10: fatal error: 'machine/endian.h' file not found
   70 | #include <machine/endian.h>
      |          ^~~~~~~~~~~~~~~~~~
1 error generated.
configure:15528: $? = 1
configure: failed program was:
| /* confdefs.h */
| #define PACKAGE_NAME "wimlib"
| #define PACKAGE_TARNAME "wimlib"
| #define PACKAGE_VERSION "1.14.4-9-g553d4a33"
| #define PACKAGE_STRING "wimlib 1.14.4-9-g553d4a33"
| #define PACKAGE_BUGREPORT "https://wimlib.net/forums/"
| #define PACKAGE_URL ""
| #define PACKAGE "wimlib"
| #define VERSION "1.14.4-9-g553d4a33"
| #define HAVE_STDIO_H 1
| #define HAVE_STDLIB_H 1
| #define HAVE_STRING_H 1
| #define HAVE_INTTYPES_H 1
| #define HAVE_STDINT_H 1
| #define HAVE_STRINGS_H 1
| #define HAVE_SYS_STAT_H 1
| #define HAVE_SYS_TYPES_H 1
| #define HAVE_UNISTD_H 1
| #define STDC_HEADERS 1
| #define HAVE_DLFCN_H 1
| #define LT_OBJDIR ".libs/"
| #define HAVE_FUTIMENS 1
| #define HAVE_UTIMENSAT 1
| #define HAVE_FLOCK 1
| #define HAVE_MEMPCPY 1
| #define HAVE_OPENAT 1
| #define HAVE_FSTATAT 1
| #define HAVE_READLINKAT 1
| #define HAVE_FDOPENDIR 1
| #define HAVE_POSIX_FALLOCATE 1
| #define HAVE_LLISTXATTR 1
| #define HAVE_LGETXATTR 1
| #define HAVE_FSETXATTR 1
| #define HAVE_LSETXATTR 1
| #define HAVE_GETOPT_LONG_ONLY 1
| #define HAVE_ALLOCA_H 1
| #define HAVE_BYTESWAP_H 1
| #define HAVE_ENDIAN_H 1
| #define HAVE_ERRNO_H 1
| #define HAVE_GLOB_H 1
| /* end confdefs.h.  */
| #include <stddef.h>
| #ifdef HAVE_STDIO_H
| # include <stdio.h>
| #endif
| #ifdef HAVE_STDLIB_H
| # include <stdlib.h>
| #endif
| #ifdef HAVE_STRING_H
| # include <string.h>
| #endif
| #ifdef HAVE_INTTYPES_H
| # include <inttypes.h>
| #endif
| #ifdef HAVE_STDINT_H
| # include <stdint.h>
| #endif
| #ifdef HAVE_STRINGS_H
| # include <strings.h>
| #endif
| #ifdef HAVE_SYS_TYPES_H
| # include <sys/types.h>
| #endif
| #ifdef HAVE_SYS_STAT_H
| # include <sys/stat.h>
| #endif
| #ifdef HAVE_UNISTD_H
| # include <unistd.h>
| #endif
| #include <machine/endian.h>
configure:15528: result: no
configure:15534: checking for stdarg.h
configure:15534: gcc -c -g -O2  conftest.c >&5
configure:15534: $? = 0
configure:15534: result: yes
configure:15540: checking for stddef.h
configure:15540: gcc -c -g -O2  conftest.c >&5
configure:15540: $? = 0
configure:15540: result: yes
configure:15546: checking for stdlib.h
configure:15546: result: yes
configure:15552: checking for sys/byteorder.h
configure:15552: gcc -c -g -O2  conftest.c >&5
conftest.c:73:10: fatal error: 'sys/byteorder.h' file not found
   73 | #include <sys/byteorder.h>
      |          ^~~~~~~~~~~~~~~~~
1 error generated.
configure:15552: $? = 1
configure: failed program was:
| /* confdefs.h */
| #define PACKAGE_NAME "wimlib"
| #define PACKAGE_TARNAME "wimlib"
| #define PACKAGE_VERSION "1.14.4-9-g553d4a33"
| #define PACKAGE_STRING "wimlib 1.14.4-9-g553d4a33"
| #define PACKAGE_BUGREPORT "https://wimlib.net/forums/"
| #define PACKAGE_URL ""
| #define PACKAGE "wimlib"
| #define VERSION "1.14.4-9-g553d4a33"
| #define HAVE_STDIO_H 1
| #define HAVE_STDLIB_H 1
| #define HAVE_STRING_H 1
| #define HAVE_INTTYPES_H 1
| #define HAVE_STDINT_H 1
| #define HAVE_STRINGS_H 1
| #define HAVE_SYS_STAT_H 1
| #define HAVE_SYS_TYPES_H 1
| #define HAVE_UNISTD_H 1
| #define STDC_HEADERS 1
| #define HAVE_DLFCN_H 1
| #define LT_OBJDIR ".libs/"
| #define HAVE_FUTIMENS 1
| #define HAVE_UTIMENSAT 1
| #define HAVE_FLOCK 1
| #define HAVE_MEMPCPY 1
| #define HAVE_OPENAT 1
| #define HAVE_FSTATAT 1
| #define HAVE_READLINKAT 1
| #define HAVE_FDOPENDIR 1
| #define HAVE_POSIX_FALLOCATE 1
| #define HAVE_LLISTXATTR 1
| #define HAVE_LGETXATTR 1
| #define HAVE_FSETXATTR 1
| #define HAVE_LSETXATTR 1
| #define HAVE_GETOPT_LONG_ONLY 1
| #define HAVE_ALLOCA_H 1
| #define HAVE_BYTESWAP_H 1
| #define HAVE_ENDIAN_H 1
| #define HAVE_ERRNO_H 1
| #define HAVE_GLOB_H 1
| #define HAVE_STDARG_H 1
| #define HAVE_STDDEF_H 1
| #define HAVE_STDLIB_H 1
| /* end confdefs.h.  */
| #include <stddef.h>
| #ifdef HAVE_STDIO_H
| # include <stdio.h>
| #endif
| #ifdef HAVE_STDLIB_H
| # include <stdlib.h>
| #endif
| #ifdef HAVE_STRING_H
| # include <string.h>
| #endif
| #ifdef HAVE_INTTYPES_H
| # include <inttypes.h>
| #endif
| #ifdef HAVE_STDINT_H
| # include <stdint.h>
| #endif
| #ifdef HAVE_STRINGS_H
| # include <strings.h>
| #endif
| #ifdef HAVE_SYS_TYPES_H
| # include <sys/types.h>
| #endif
| #ifdef HAVE_SYS_STAT_H
| # include <sys/stat.h>
| #endif
| #ifdef HAVE_UNISTD_H
| # include <unistd.h>
| #endif
| #include <sys/byteorder.h>
configure:15552: result: no
configure:15558: checking for sys/endian.h
configure:15558: gcc -c -g -O2  conftest.c >&5
configure:15558: $? = 0
configure:15558: result: yes
configure:15564: checking for sys/file.h
configure:15564: gcc -c -g -O2  conftest.c >&5
configure:15564: $? = 0
configure:15564: result: yes
configure:15570: checking for sys/syscall.h
configure:15570: gcc -c -g -O2  conftest.c >&5
configure:15570: $? = 0
configure:15570: result: yes
configure:15576: checking for sys/sysctl.h
configure:15576: gcc -c -g -O2  conftest.c >&5
conftest.c:76:10: fatal error: 'sys/sysctl.h' file not found
   76 | #include <sys/sysctl.h>
      |          ^~~~~~~~~~~~~~
1 error generated.
configure:15576: $? = 1
configure: failed program was:
| /* confdefs.h */
| #define PACKAGE_NAME "wimlib"
| #define PACKAGE_TARNAME "wimlib"
| #define PACKAGE_VERSION "1.14.4-9-g553d4a33"
| #define PACKAGE_STRING "wimlib 1.14.4-9-g553d4a33"
| #define PACKAGE_BUGREPORT "https://wimlib.net/forums/"
| #define PACKAGE_URL ""
| #define PACKAGE "wimlib"
| #define VERSION "1.14.4-9-g553d4a33"
| #define HAVE_STDIO_H 1
| #define HAVE_STDLIB_H 1
| #define HAVE_STRING_H 1
| #define HAVE_INTTYPES_H 1
| #define HAVE_STDINT_H 1
| #define HAVE_STRINGS_H 1
| #define HAVE_SYS_STAT_H 1
| #define HAVE_SYS_TYPES_H 1
| #define HAVE_UNISTD_H 1
| #define STDC_HEADERS 1
| #define HAVE_DLFCN_H 1
| #define LT_OBJDIR ".libs/"
| #define HAVE_FUTIMENS 1
| #define HAVE_UTIMENSAT 1
| #define HAVE_FLOCK 1
| #define HAVE_MEMPCPY 1
| #define HAVE_OPENAT 1
| #define HAVE_FSTATAT 1
| #define HAVE_READLINKAT 1
| #define HAVE_FDOPENDIR 1
| #define HAVE_POSIX_FALLOCATE 1
| #define HAVE_LLISTXATTR 1
| #define HAVE_LGETXATTR 1
| #define HAVE_FSETXATTR 1
| #define HAVE_LSETXATTR 1
| #define HAVE_GETOPT_LONG_ONLY 1
| #define HAVE_ALLOCA_H 1
| #define HAVE_BYTESWAP_H 1
| #define HAVE_ENDIAN_H 1
| #define HAVE_ERRNO_H 1
| #define HAVE_GLOB_H 1
| #define HAVE_STDARG_H 1
| #define HAVE_STDDEF_H 1
| #define HAVE_STDLIB_H 1
| #define HAVE_SYS_ENDIAN_H 1
| #define HAVE_SYS_FILE_H 1
| #define HAVE_SYS_SYSCALL_H 1
| /* end confdefs.h.  */
| #include <stddef.h>
| #ifdef HAVE_STDIO_H
| # include <stdio.h>
| #endif
| #ifdef HAVE_STDLIB_H
| # include <stdlib.h>
| #endif
| #ifdef HAVE_STRING_H
| # include <string.h>
| #endif
| #ifdef HAVE_INTTYPES_H
| # include <inttypes.h>
| #endif
| #ifdef HAVE_STDINT_H
| # include <stdint.h>
| #endif
| #ifdef HAVE_STRINGS_H
| # include <strings.h>
| #endif
| #ifdef HAVE_SYS_TYPES_H
| # include <sys/types.h>
| #endif
| #ifdef HAVE_SYS_STAT_H
| # include <sys/stat.h>
| #endif
| #ifdef HAVE_UNISTD_H
| # include <unistd.h>
| #endif
| #include <sys/sysctl.h>
configure:15576: result: no
configure:15582: checking for sys/times.h
configure:15582: gcc -c -g -O2  conftest.c >&5
configure:15582: $? = 0
configure:15582: result: yes
configure:15588: checking for sys/xattr.h
configure:15588: gcc -c -g -O2  conftest.c >&5
configure:15588: $? = 0
configure:15588: result: yes
configure:15594: checking for time.h
configure:15594: gcc -c -g -O2  conftest.c >&5
configure:15594: $? = 0
configure:15594: result: yes
configure:15600: checking for utime.h
configure:15600: gcc -c -g -O2  conftest.c >&5
configure:15600: $? = 0
configure:15600: result: yes
configure:15610: checking for struct stat.st_mtim
configure:15610: gcc -c -g -O2  conftest.c >&5
conftest.c:58:1: error: statement requires expression of scalar type ('struct timespec' invalid)
   58 | if (ac_aggr.st_mtim)
      | ^   ~~~~~~~~~~~~~~~
1 error generated.
configure:15610: $? = 1
configure: failed program was:
| /* confdefs.h */
| #define PACKAGE_NAME "wimlib"
| #define PACKAGE_TARNAME "wimlib"
| #define PACKAGE_VERSION "1.14.4-9-g553d4a33"
| #define PACKAGE_STRING "wimlib 1.14.4-9-g553d4a33"
| #define PACKAGE_BUGREPORT "https://wimlib.net/forums/"
| #define PACKAGE_URL ""
| #define PACKAGE "wimlib"
| #define VERSION "1.14.4-9-g553d4a33"
| #define HAVE_STDIO_H 1
| #define HAVE_STDLIB_H 1
| #define HAVE_STRING_H 1
| #define HAVE_INTTYPES_H 1
| #define HAVE_STDINT_H 1
| #define HAVE_STRINGS_H 1
| #define HAVE_SYS_STAT_H 1
| #define HAVE_SYS_TYPES_H 1
| #define HAVE_UNISTD_H 1
| #define STDC_HEADERS 1
| #define HAVE_DLFCN_H 1
| #define LT_OBJDIR ".libs/"
| #define HAVE_FUTIMENS 1
| #define HAVE_UTIMENSAT 1
| #define HAVE_FLOCK 1
| #define HAVE_MEMPCPY 1
| #define HAVE_OPENAT 1
| #define HAVE_FSTATAT 1
| #define HAVE_READLINKAT 1
| #define HAVE_FDOPENDIR 1
| #define HAVE_POSIX_FALLOCATE 1
| #define HAVE_LLISTXATTR 1
| #define HAVE_LGETXATTR 1
| #define HAVE_FSETXATTR 1
| #define HAVE_LSETXATTR 1
| #define HAVE_GETOPT_LONG_ONLY 1
| #define HAVE_ALLOCA_H 1
| #define HAVE_BYTESWAP_H 1
| #define HAVE_ENDIAN_H 1
| #define HAVE_ERRNO_H 1
| #define HAVE_GLOB_H 1
| #define HAVE_STDARG_H 1
| #define HAVE_STDDEF_H 1
| #define HAVE_STDLIB_H 1
| #define HAVE_SYS_ENDIAN_H 1
| #define HAVE_SYS_FILE_H 1
| #define HAVE_SYS_SYSCALL_H 1
| #define HAVE_SYS_TIMES_H 1
| #define HAVE_SYS_XATTR_H 1
| #define HAVE_TIME_H 1
| #define HAVE_UTIME_H 1
| /* end confdefs.h.  */
| #include <sys/stat.h>
| 
| int
| main (void)
| {
| static struct stat ac_aggr;
| if (ac_aggr.st_mtim)
| return 0;
|   ;
|   return 0;
| }
configure:15610: gcc -c -g -O2  conftest.c >&5
configure:15610: $? = 0
configure:15610: result: yes
configure:15631: checking how to run the C preprocessor
configure:15657: gcc -E  conftest.c
configure:15657: $? = 0
configure:15673: gcc -E  conftest.c
conftest.c:53:10: fatal error: 'ac_nonexistent.h' file not found
   53 | #include <ac_nonexistent.h>
      |          ^~~~~~~~~~~~~~~~~~
1 error generated.
configure:15673: $? = 1
configure: failed program was:
| /* confdefs.h */
| #define PACKAGE_NAME "wimlib"
| #define PACKAGE_TARNAME "wimlib"
| #define PACKAGE_VERSION "1.14.4-9-g553d4a33"
| #define PACKAGE_STRING "wimlib 1.14.4-9-g553d4a33"
| #define PACKAGE_BUGREPORT "https://wimlib.net/forums/"
| #define PACKAGE_URL ""
| #define PACKAGE "wimlib"
| #define VERSION "1.14.4-9-g553d4a33"
| #define HAVE_STDIO_H 1
| #define HAVE_STDLIB_H 1
| #define HAVE_STRING_H 1
| #define HAVE_INTTYPES_H 1
| #define HAVE_STDINT_H 1
| #define HAVE_STRINGS_H 1
| #define HAVE_SYS_STAT_H 1
| #define HAVE_SYS_TYPES_H 1
| #define HAVE_UNISTD_H 1
| #define STDC_HEADERS 1
| #define HAVE_DLFCN_H 1
| #define LT_OBJDIR ".libs/"
| #define HAVE_FUTIMENS 1
| #define HAVE_UTIMENSAT 1
| #define HAVE_FLOCK 1
| #define HAVE_MEMPCPY 1
| #define HAVE_OPENAT 1
| #define HAVE_FSTATAT 1
| #define HAVE_READLINKAT 1
| #define HAVE_FDOPENDIR 1
| #define HAVE_POSIX_FALLOCATE 1
| #define HAVE_LLISTXATTR 1
| #define HAVE_LGETXATTR 1
| #define HAVE_FSETXATTR 1
| #define HAVE_LSETXATTR 1
| #define HAVE_GETOPT_LONG_ONLY 1
| #define HAVE_ALLOCA_H 1
| #define HAVE_BYTESWAP_H 1
| #define HAVE_ENDIAN_H 1
| #define HAVE_ERRNO_H 1
| #define HAVE_GLOB_H 1
| #define HAVE_STDARG_H 1
| #define HAVE_STDDEF_H 1
| #define HAVE_STDLIB_H 1
| #define HAVE_SYS_ENDIAN_H 1
| #define HAVE_SYS_FILE_H 1
| #define HAVE_SYS_SYSCALL_H 1
| #define HAVE_SYS_TIMES_H 1
| #define HAVE_SYS_XATTR_H 1
| #define HAVE_TIME_H 1
| #define HAVE_UTIME_H 1
| #define HAVE_STAT_NANOSECOND_PRECISION 1
| /* end confdefs.h.  */
| #include <ac_nonexistent.h>
configure:15702: result: gcc -E
configure:15716: gcc -E  conftest.c
configure:15716: $? = 0
configure:15732: gcc -E  conftest.c
conftest.c:53:10: fatal error: 'ac_nonexistent.h' file not found
   53 | #include <ac_nonexistent.h>
      |          ^~~~~~~~~~~~~~~~~~
1 error generated.
configure:15732: $? = 1
configure: failed program was:
| /* confdefs.h */
| #define PACKAGE_NAME "wimlib"
| #define PACKAGE_TARNAME "wimlib"
| #define PACKAGE_VERSION "1.14.4-9-g553d4a33"
| #define PACKAGE_STRING "wimlib 1.14.4-9-g553d4a33"
| #define PACKAGE_BUGREPORT "https://wimlib.net/forums/"
| #define PACKAGE_URL ""
| #define PACKAGE "wimlib"
| #define VERSION "1.14.4-9-g553d4a33"
| #define HAVE_STDIO_H 1
| #define HAVE_STDLIB_H 1
| #define HAVE_STRING_H 1
| #define HAVE_INTTYPES_H 1
| #define HAVE_STDINT_H 1
| #define HAVE_STRINGS_H 1
| #define HAVE_SYS_STAT_H 1
| #define HAVE_SYS_TYPES_H 1
| #define HAVE_UNISTD_H 1
| #define STDC_HEADERS 1
| #define HAVE_DLFCN_H 1
| #define LT_OBJDIR ".libs/"
| #define HAVE_FUTIMENS 1
| #define HAVE_UTIMENSAT 1
| #define HAVE_FLOCK 1
| #define HAVE_MEMPCPY 1
| #define HAVE_OPENAT 1
| #define HAVE_FSTATAT 1
| #define HAVE_READLINKAT 1
| #define HAVE_FDOPENDIR 1
| #define HAVE_POSIX_FALLOCATE 1
| #define HAVE_LLISTXATTR 1
| #define HAVE_LGETXATTR 1
| #define HAVE_FSETXATTR 1
| #define HAVE_LSETXATTR 1
| #define HAVE_GETOPT_LONG_ONLY 1
| #define HAVE_ALLOCA_H 1
| #define HAVE_BYTESWAP_H 1
| #define HAVE_ENDIAN_H 1
| #define HAVE_ERRNO_H 1
| #define HAVE_GLOB_H 1
| #define HAVE_STDARG_H 1
| #define HAVE_STDDEF_H 1
| #define HAVE_STDLIB_H 1
| #define HAVE_SYS_ENDIAN_H 1
| #define HAVE_SYS_FILE_H 1
| #define HAVE_SYS_SYSCALL_H 1
| #define HAVE_SYS_TIMES_H 1
| #define HAVE_SYS_XATTR_H 1
| #define HAVE_TIME_H 1
| #define HAVE_UTIME_H 1
| #define HAVE_STAT_NANOSECOND_PRECISION 1
| /* end confdefs.h.  */
| #include <ac_nonexistent.h>
configure:15765: checking for egrep -e
configure:15895: result: /data/data/com.termux/files/usr/bin/grep -E
configure:16065: checking whether gcc is Clang
configure:16093: result: yes
configure:16159: checking whether pthreads work with "-pthread" and "-lpthread"
configure:16271: gcc -o conftest -g -O2 -pthread  -Wl,--no-as-needed conftest.c -lpthread -lrt >&5
configure:16271: $? = 0
configure:16281: result: yes
configure:16330: checking whether Clang needs flag to prevent "argument unused" warning when linking with -pthread
configure:16357: gcc -o conftest -Werror -Wunknown-warning-option  -pthread -g -O2  -Wl,--no-as-needed conftest.c -lrt >&5
configure:16357: $? = 0
configure:16364: (gcc -c -Werror -Wunknown-warning-option  -pthread -g -O2  conftest.c >&5) && (echo ==== >&5) && (gcc -o conftest -Werror -Wunknown-warning-option  -pthread -g -O2  -Wl,--no-as-needed conftest.o -lrt >&5)
====
configure:16364: $? = 0
configure:16385: result: no
configure:16405: checking for joinable pthread attribute
configure:16424: gcc -o conftest -g -O2 -pthread  -Wl,--no-as-needed conftest.c -lpthread -lrt >&5
configure:16424: $? = 0
configure:16434: result: PTHREAD_CREATE_JOINABLE
configure:16447: checking whether more special flags are required for pthreads
configure:16462: result: no
configure:16471: checking for PTHREAD_PRIO_INHERIT
configure:16489: gcc -o conftest -g -O2 -pthread  -Wl,--no-as-needed conftest.c -lpthread -lrt >&5
configure:16489: $? = 0
configure:16501: result: yes
configure:16686: checking whether to include support for ntfs-3g
configure:16698: result: yes
configure:16704: checking for libntfs-3g >= 2011.4.12
configure:16711: $PKG_CONFIG --exists --print-errors "libntfs-3g >= 2011.4.12"
configure:16714: $? = 0
configure:16728: $PKG_CONFIG --exists --print-errors "libntfs-3g >= 2011.4.12"
configure:16731: $? = 0
configure:16785: result: yes
configure:16805: checking whether to include support for mounting WIMs
configure:16817: result: yes
configure:16824: checking for fuse3
configure:16831: $PKG_CONFIG --exists --print-errors "fuse3"
configure:16834: $? = 0
configure:16848: $PKG_CONFIG --exists --print-errors "fuse3"
configure:16851: $? = 0
configure:16899: result: yes
configure:16908: checking for mq_open in -lrt
configure:16949: result: yes
configure:16994: checking whether to enable supporting code for tests
configure:17005: result: no
configure:17136: checking that generated files are newer than configure
configure:17142: result: done
configure:17198: creating ./config.status

## ---------------------- ##
## Running config.status. ##
## ---------------------- ##

This file was extended by wimlib config.status 1.14.4-9-g553d4a33, which was
generated by GNU Autoconf 2.72.  Invocation command line was

  CONFIG_FILES    = 
  CONFIG_HEADERS  = 
  CONFIG_LINKS    = 
  CONFIG_COMMANDS = 
  $ ./config.status 

on localhost

config.status:1153: creating Makefile
config.status:1153: creating doc/Doxyfile
config.status:1153: creating wimlib.pc
config.status:1153: creating programs/mkwinpeimg
config.status:1153: creating config.h
config.status:1382: executing depfiles commands
config.status:1457: cd .       && sed -e '/# am--include-marker/d' Makefile         | make -f - am--depfiles
config.status:1464: $? = 0
config.status:1382: executing libtool commands

## ---------------- ##
## Cache variables. ##
## ---------------- ##

ac_cv_build='aarch64-unknown-linux-android'
ac_cv_c_bigendian='no'
ac_cv_c_compiler_gnu='yes'
ac_cv_env_CC_set=''
ac_cv_env_CC_value=''
ac_cv_env_CFLAGS_set=''
ac_cv_env_CFLAGS_value=''
ac_cv_env_CPPFLAGS_set=''
ac_cv_env_CPPFLAGS_value=''
ac_cv_env_CPP_set=''
ac_cv_env_CPP_value=''
ac_cv_env_LDFLAGS_set='set'
ac_cv_env_LDFLAGS_value='-Wl,--no-as-needed'
ac_cv_env_LIBFUSE_CFLAGS_set=''
ac_cv_env_LIBFUSE_CFLAGS_value=''
ac_cv_env_LIBFUSE_LIBS_set=''
ac_cv_env_LIBFUSE_LIBS_value=''
ac_cv_env_LIBNTFS_3G_CFLAGS_set=''
ac_cv_env_LIBNTFS_3G_CFLAGS_value=''
ac_cv_env_LIBNTFS_3G_LIBS_set=''
ac_cv_env_LIBNTFS_3G_LIBS_value=''
ac_cv_env_LIBS_set='set'
ac_cv_env_LIBS_value='-lrt'
ac_cv_env_LT_SYS_LIBRARY_PATH_set=''
ac_cv_env_LT_SYS_LIBRARY_PATH_value=''
ac_cv_env_PKG_CONFIG_LIBDIR_set=''
ac_cv_env_PKG_CONFIG_LIBDIR_value=''
ac_cv_env_PKG_CONFIG_PATH_set=''
ac_cv_env_PKG_CONFIG_PATH_value=''
ac_cv_env_PKG_CONFIG_set=''
ac_cv_env_PKG_CONFIG_value=''
ac_cv_env_build_alias_set=''
ac_cv_env_build_alias_value=''
ac_cv_env_host_alias_set=''
ac_cv_env_host_alias_value=''
ac_cv_env_target_alias_set=''
ac_cv_env_target_alias_value=''
ac_cv_func_fdopendir='yes'
ac_cv_func_flock='yes'
ac_cv_func_fsetxattr='yes'
ac_cv_func_fstatat='yes'
ac_cv_func_futimens='yes'
ac_cv_func_getopt_long_only='yes'
ac_cv_func_lgetxattr='yes'
ac_cv_func_llistxattr='yes'
ac_cv_func_lsetxattr='yes'
ac_cv_func_mempcpy='yes'
ac_cv_func_openat='yes'
ac_cv_func_posix_fallocate='yes'
ac_cv_func_readlinkat='yes'
ac_cv_func_utimensat='yes'
ac_cv_header_alloca_h='yes'
ac_cv_header_byteswap_h='yes'
ac_cv_header_dlfcn_h='yes'
ac_cv_header_endian_h='yes'
ac_cv_header_errno_h='yes'
ac_cv_header_glob_h='yes'
ac_cv_header_inttypes_h='yes'
ac_cv_header_machine_endian_h='no'
ac_cv_header_stdarg_h='yes'
ac_cv_header_stddef_h='yes'
ac_cv_header_stdint_h='yes'
ac_cv_header_stdio_h='yes'
ac_cv_header_stdlib_h='yes'
ac_cv_header_string_h='yes'
ac_cv_header_strings_h='yes'
ac_cv_header_sys_byteorder_h='no'
ac_cv_header_sys_endian_h='yes'
ac_cv_header_sys_file_h='yes'
ac_cv_header_sys_stat_h='yes'
ac_cv_header_sys_syscall_h='yes'
ac_cv_header_sys_sysctl_h='no'
ac_cv_header_sys_times_h='yes'
ac_cv_header_sys_types_h='yes'
ac_cv_header_sys_xattr_h='yes'
ac_cv_header_time_h='yes'
ac_cv_header_unistd_h='yes'
ac_cv_header_utime_h='yes'
ac_cv_host='aarch64-unknown-linux-android'
ac_cv_lib_rt_mq_open='yes'
ac_cv_member_struct_stat_st_mtim='yes'
ac_cv_objext='o'
ac_cv_path_EGREP='/data/data/com.termux/files/usr/bin/grep -E'
ac_cv_path_EGREP_TRADITIONAL='/data/data/com.termux/files/usr/bin/grep -E'
ac_cv_path_FGREP='/data/data/com.termux/files/usr/bin/grep -F'
ac_cv_path_GREP='/data/data/com.termux/files/usr/bin/grep'
ac_cv_path_SED='/data/data/com.termux/files/usr/bin/sed'
ac_cv_path_ac_pt_PKG_CONFIG='/data/data/com.termux/files/usr/bin/pkg-config'
ac_cv_path_install='/data/data/com.termux/files/usr/bin/install -c'
ac_cv_path_lt_DD='/data/data/com.termux/files/usr/bin/dd'
ac_cv_path_mkdir='/data/data/com.termux/files/usr/bin/mkdir'
ac_cv_prog_AWK='gawk'
ac_cv_prog_CPP='gcc -E'
ac_cv_prog_FILECMD='file'
ac_cv_prog_ac_ct_AR='ar'
ac_cv_prog_ac_ct_CC='gcc'
ac_cv_prog_ac_ct_OBJDUMP='objdump'
ac_cv_prog_ac_ct_RANLIB='ranlib'
ac_cv_prog_ac_ct_STRIP='strip'
ac_cv_prog_cc_c11=''
ac_cv_prog_cc_g='yes'
ac_cv_prog_cc_stdc=''
ac_cv_prog_make_make_set='yes'
am_cv_CC_dependencies_compiler_type='gcc3'
am_cv_ar_interface='ar'
am_cv_filesystem_timestamp_resolution='0.01'
am_cv_make_support_nested_variables='yes'
am_cv_prog_cc_c_o='yes'
am_cv_prog_tar_ustar='gnutar'
am_cv_sleep_fractional_seconds='yes'
am_cv_xargs_n_works='yes'
ax_cv_PTHREAD_CLANG='yes'
ax_cv_PTHREAD_CLANG_NO_WARN_FLAG='no'
ax_cv_PTHREAD_JOINABLE_ATTR='PTHREAD_CREATE_JOINABLE'
ax_cv_PTHREAD_PRIO_INHERIT='yes'
ax_cv_PTHREAD_SPECIAL_FLAGS='no'
lt_cv_ar_at_file='@'
lt_cv_archive_cmds_need_lc='no'
lt_cv_deplibs_check_method='pass_all'
lt_cv_file_magic_cmd='$MAGIC_CMD'
lt_cv_file_magic_test_file=''
lt_cv_ld_reload_flag='-r'
lt_cv_nm_interface='BSD nm'
lt_cv_objdir='.libs'
lt_cv_path_LD='/data/data/com.termux/files/usr/bin/ld'
lt_cv_path_NM='/data/data/com.termux/files/usr/bin/nm -B'
lt_cv_path_manifest_tool='no'
lt_cv_prog_compiler_c_o='yes'
lt_cv_prog_compiler_pic='-fPIC -DPIC'
lt_cv_prog_compiler_pic_works='yes'
lt_cv_prog_compiler_rtti_exceptions='yes'
lt_cv_prog_compiler_static_works='no'
lt_cv_prog_gnu_ld='yes'
lt_cv_sharedlib_from_linklib_cmd='printf %s\n'
lt_cv_sys_global_symbol_pipe='/data/data/com.termux/files/usr/bin/sed -n -e '"'"'s/^.*[	 ]\([ABCDGIRSTW][ABCDGIRSTW]*\)[	 ][	 ]*\([_A-Za-z][_A-Za-z0-9]*\)$/\1 \2 \2/p'"'"' | /data/data/com.termux/files/usr/bin/sed '"'"'/ __gnu_lto/d'"'"
lt_cv_sys_global_symbol_to_c_name_address='/data/data/com.termux/files/usr/bin/sed -n -e '"'"'s/^: \(.*\) .*$/  {"\1", (void *) 0},/p'"'"' -e '"'"'s/^[ABCDGIRSTW][ABCDGIRSTW]* .* \(.*\)$/  {"\1", (void *) \&\1},/p'"'"
lt_cv_sys_global_symbol_to_c_name_address_lib_prefix='/data/data/com.termux/files/usr/bin/sed -n -e '"'"'s/^: \(.*\) .*$/  {"\1", (void *) 0},/p'"'"' -e '"'"'s/^[ABCDGIRSTW][ABCDGIRSTW]* .* \(lib.*\)$/  {"\1", (void *) \&\1},/p'"'"' -e '"'"'s/^[ABCDGIRSTW][ABCDGIRSTW]* .* \(.*\)$/  {"lib\1", (void *) \&\1},/p'"'"
lt_cv_sys_global_symbol_to_cdecl='/data/data/com.termux/files/usr/bin/sed -n -e '"'"'s/^T .* \(.*\)$/extern int \1();/p'"'"' -e '"'"'s/^[ABCDGIRSTW][ABCDGIRSTW]* .* \(.*\)$/extern char \1;/p'"'"
lt_cv_sys_global_symbol_to_import=''
lt_cv_sys_max_cmd_len='32768'
lt_cv_to_host_file_cmd='func_convert_file_noop'
lt_cv_to_tool_file_cmd='func_convert_file_noop'
lt_cv_truncate_bin='/data/data/com.termux/files/usr/bin/dd bs=4096 count=1'
pkg_cv_LIBFUSE_CFLAGS='-I/data/data/com.termux/files/usr/include/fuse3'
pkg_cv_LIBFUSE_LIBS='-L/data/data/com.termux/files/usr/lib -lfuse3 -lpthread'
pkg_cv_LIBNTFS_3G_CFLAGS='-I//include'
pkg_cv_LIBNTFS_3G_LIBS='-L/data/data/com.termux/files/usr/lib -lntfs-3g'

## ----------------- ##
## Output variables. ##
## ----------------- ##

ACLOCAL='${SHELL} '\''/data/data/com.termux/files/home/work/wimlib/build-aux/missing'\'' aclocal-1.18'
AMDEPBACKSLASH='\'
AMDEP_FALSE='#'
AMDEP_TRUE=''
AMTAR='$${TAR-tar}'
AM_BACKSLASH='\'
AM_DEFAULT_V='$(AM_DEFAULT_VERBOSITY)'
AM_DEFAULT_VERBOSITY='0'
AM_V='$(V)'
AR='ar'
AUTOCONF='${SHELL} '\''/data/data/com.termux/files/home/work/wimlib/build-aux/missing'\'' autoconf'
AUTOHEADER='${SHELL} '\''/data/data/com.termux/files/home/work/wimlib/build-aux/missing'\'' autoheader'
AUTOMAKE='${SHELL} '\''/data/data/com.termux/files/home/work/wimlib/build-aux/missing'\'' automake-1.18'
AWK='gawk'
CC='gcc'
CCDEPMODE='depmode=gcc3'
CFLAGS='-g -O2'
CPP='gcc -E'
CPPFLAGS=''
CSCOPE='cscope'
CTAGS='ctags'
CYGPATH_W='echo'
DEFS='-DHAVE_CONFIG_H'
DEPDIR='.deps'
DLLTOOL='false'
DSYMUTIL=''
DUMPBIN=''
ECHO_C=''
ECHO_N='-n'
ECHO_T=''
EGREP='/data/data/com.termux/files/usr/bin/grep -E'
ENABLE_TEST_SUPPORT_FALSE=''
ENABLE_TEST_SUPPORT_TRUE='#'
ETAGS='etags'
EXEEXT=''
FGREP='/data/data/com.termux/files/usr/bin/grep -F'
FILECMD='file'
GREP='/data/data/com.termux/files/usr/bin/grep'
INSTALL_DATA='${INSTALL} -m 644'
INSTALL_PROGRAM='${INSTALL}'
INSTALL_SCRIPT='${INSTALL}'
INSTALL_STRIP_PROGRAM='$(install_sh) -c -s'
LD='/data/data/com.termux/files/usr/bin/ld'
LDFLAGS='-Wl,--no-as-needed'
LIBFUSE_CFLAGS='-I/data/data/com.termux/files/usr/include/fuse3'
LIBFUSE_LIBS='-L/data/data/com.termux/files/usr/lib -lfuse3 -lpthread'
LIBNTFS_3G_CFLAGS='-I//include'
LIBNTFS_3G_LIBS='-L/data/data/com.termux/files/usr/lib -lntfs-3g'
LIBOBJS=''
LIBRT_LIBS='-lrt'
LIBS='-lrt -lrt'
LIBTOOL='$(SHELL) $(top_builddir)/libtool'
LIPO=''
LN_S='ln -s'
LTLIBOBJS=''
LT_SYS_LIBRARY_PATH=''
MAKEINFO='${SHELL} '\''/data/data/com.termux/files/home/work/wimlib/build-aux/missing'\'' makeinfo'
MANIFEST_TOOL=':'
MKDIR_P='/data/data/com.termux/files/usr/bin/mkdir -p'
NM='/data/data/com.termux/files/usr/bin/nm -B'
NMEDIT=''
OBJDUMP='objdump'
OBJEXT='o'
OTOOL64=''
OTOOL=''
PACKAGE='wimlib'
PACKAGE_BUGREPORT='https://wimlib.net/forums/'
PACKAGE_NAME='wimlib'
PACKAGE_STRING='wimlib 1.14.4-9-g553d4a33'
PACKAGE_TARNAME='wimlib'
PACKAGE_URL=''
PACKAGE_VERSION='1.14.4-9-g553d4a33'
PATH_SEPARATOR=':'
PKGCONFIG_PRIVATE_LIBS=' -lrt'
PKGCONFIG_PRIVATE_REQUIRES=' libntfs-3g fuse'
PKG_CONFIG='/data/data/com.termux/files/usr/bin/pkg-config'
PKG_CONFIG_LIBDIR=''
PKG_CONFIG_PATH=''
PLATFORM_CFLAGS='-fvisibility=hidden'
PLATFORM_CPPFLAGS=''
PLATFORM_LDFLAGS=''
PTHREAD_CC='gcc'
PTHREAD_CFLAGS='-pthread'
PTHREAD_CXX=''
PTHREAD_LIBS='-lpthread'
RANLIB='ranlib'
SED='/data/data/com.termux/files/usr/bin/sed'
SET_MAKE=''
SHELL='/bin/sh'
STRIP='strip'
VERSION='1.14.4-9-g553d4a33'
WINDOWS_NATIVE_BUILD_FALSE=''
WINDOWS_NATIVE_BUILD_TRUE='#'
WITH_FUSE_FALSE='#'
WITH_FUSE_TRUE=''
WITH_NTFS_3G_FALSE='#'
WITH_NTFS_3G_TRUE=''
ac_ct_AR='ar'
ac_ct_CC='gcc'
ac_ct_DUMPBIN=''
am__EXEEXT_FALSE=''
am__EXEEXT_TRUE='#'
am__fastdepCC_FALSE='#'
am__fastdepCC_TRUE=''
am__include='include'
am__isrc=''
am__leading_dot='.'
am__nodep='_no'
am__quote=''
am__rm_f_notfound=''
am__tar='tar --format=ustar -chf - "$$tardir"'
am__untar='tar -xf -'
am__xargs_n='xargs -n'
ax_pthread_config=''
bindir='${exec_prefix}/bin'
build='aarch64-unknown-linux-android'
build_alias=''
build_cpu='aarch64'
build_os='linux-android'
build_vendor='unknown'
datadir='${datarootdir}'
datarootdir='${prefix}/share'
docdir='${datarootdir}/doc/${PACKAGE_TARNAME}'
dvidir='${docdir}'
exec_prefix='${prefix}'
host='aarch64-unknown-linux-android'
host_alias=''
host_cpu='aarch64'
host_os='linux-android'
host_vendor='unknown'
htmldir='${docdir}'
includedir='${prefix}/include'
infodir='${datarootdir}/info'
install_sh='${SHELL} /data/data/com.termux/files/home/work/wimlib/build-aux/install-sh'
libdir='${exec_prefix}/lib'
libexecdir='${exec_prefix}/libexec'
localedir='${datarootdir}/locale'
localstatedir='${prefix}/var'
mandir='${datarootdir}/man'
mkdir_p='$(MKDIR_P)'
oldincludedir='/usr/include'
pdfdir='${docdir}'
pkgconfigdir='${libdir}/pkgconfig'
prefix='/data/data/com.termux/files/usr'
program_transform_name='s,x,x,'
psdir='${docdir}'
runstatedir='${localstatedir}/run'
sbindir='${exec_prefix}/sbin'
sharedstatedir='${prefix}/com'
sysconfdir='${prefix}/etc'
target_alias=''

## ----------- ##
## confdefs.h. ##
## ----------- ##

/* confdefs.h */
#define PACKAGE_NAME "wimlib"
#define PACKAGE_TARNAME "wimlib"
#define PACKAGE_VERSION "1.14.4-9-g553d4a33"
#define PACKAGE_STRING "wimlib 1.14.4-9-g553d4a33"
#define PACKAGE_BUGREPORT "https://wimlib.net/forums/"
#define PACKAGE_URL ""
#define PACKAGE "wimlib"
#define VERSION "1.14.4-9-g553d4a33"
#define HAVE_STDIO_H 1
#define HAVE_STDLIB_H 1
#define HAVE_STRING_H 1
#define HAVE_INTTYPES_H 1
#define HAVE_STDINT_H 1
#define HAVE_STRINGS_H 1
#define HAVE_SYS_STAT_H 1
#define HAVE_SYS_TYPES_H 1
#define HAVE_UNISTD_H 1
#define STDC_HEADERS 1
#define HAVE_DLFCN_H 1
#define LT_OBJDIR ".libs/"
#define HAVE_FUTIMENS 1
#define HAVE_UTIMENSAT 1
#define HAVE_FLOCK 1
#define HAVE_MEMPCPY 1
#define HAVE_OPENAT 1
#define HAVE_FSTATAT 1
#define HAVE_READLINKAT 1
#define HAVE_FDOPENDIR 1
#define HAVE_POSIX_FALLOCATE 1
#define HAVE_LLISTXATTR 1
#define HAVE_LGETXATTR 1
#define HAVE_FSETXATTR 1
#define HAVE_LSETXATTR 1
#define HAVE_GETOPT_LONG_ONLY 1
#define HAVE_ALLOCA_H 1
#define HAVE_BYTESWAP_H 1
#define HAVE_ENDIAN_H 1
#define HAVE_ERRNO_H 1
#define HAVE_GLOB_H 1
#define HAVE_STDARG_H 1
#define HAVE_STDDEF_H 1
#define HAVE_STDLIB_H 1
#define HAVE_SYS_ENDIAN_H 1
#define HAVE_SYS_FILE_H 1
#define HAVE_SYS_SYSCALL_H 1
#define HAVE_SYS_TIMES_H 1
#define HAVE_SYS_XATTR_H 1
#define HAVE_TIME_H 1
#define HAVE_UTIME_H 1
#define HAVE_STAT_NANOSECOND_PRECISION 1
#define HAVE_PTHREAD_PRIO_INHERIT 1
#define HAVE_PTHREAD 1
#define WITH_NTFS_3G 1
#define WITH_FUSE 1
#define HAVE_LIBRT 1

configure: exit 0
